<?xml version="1.0" encoding="UTF-8"?>
<testng-results ignored="0" total="3" passed="3" failed="0" skipped="0">
  <reporter-output>
  </reporter-output>
  <suite started-at="2026-04-28T05:26:03 IST" name="Surefire suite" finished-at="2026-04-28T05:26:03 IST" duration-ms="103">
    <groups>
    </groups>
    <test started-at="2026-04-28T05:26:03 IST" name="Surefire test" finished-at="2026-04-28T05:26:03 IST" duration-ms="103">
      <class name="lab1.ResultTest">
        <test-method signature="testFail()[pri:0, instance:lab1.ResultTest@1df82230]" started-at="2026-04-28T05:26:03 IST" name="testFail" finished-at="2026-04-28T05:26:03 IST" duration-ms="29" status="PASS">
          <reporter-output>
          </reporter-output>
        </test-method> <!-- testFail -->
        <test-method signature="testInvalid()[pri:0, instance:lab1.ResultTest@1df82230]" started-at="2026-04-28T05:26:03 IST" name="testInvalid" finished-at="2026-04-28T05:26:03 IST" duration-ms="1" status="PASS">
          <reporter-output>
          </reporter-output>
        </test-method> <!-- testInvalid -->
        <test-method signature="testPass()[pri:0, instance:lab1.ResultTest@1df82230]" started-at="2026-04-28T05:26:03 IST" name="testPass" finished-at="2026-04-28T05:26:03 IST" duration-ms="0" status="PASS">
          <reporter-output>
          </reporter-output>
        </test-method> <!-- testPass -->
      </class> <!-- lab1.ResultTest -->
    </test> <!-- Surefire test -->
  </suite> <!-- Surefire suite -->
</testng-results>
