<?xml version="1.0" encoding="UTF-8"?>
<!-- Generated by org.testng.reporters.JUnitReportReporter -->
<testsuite hostname="Dilip" failures="0" tests="3" name="lab1.ResultTest" time="0.030" errors="0" timestamp="2026-04-28T05:26:04 IST" skipped="0">
  <testcase classname="lab1.ResultTest" name="testFail" time="0.029"/>
  <testcase classname="lab1.ResultTest" name="testPass" time="0.000"/>
  <testcase classname="lab1.ResultTest" name="testInvalid" time="0.001"/>
</testsuite> <!-- lab1.ResultTest -->
